<?xml version="1.0" encoding="UTF-8"?>
<!-- Generated by org.testng.reporters.JUnitReportReporter -->
<testsuite name="com.maven.appium.DragAndDropTestNGDemo" tests="1" time="6.670" ignored="0" failures="0" timestamp="14 Dec 2016 04:31:10 GMT" skipped="0" hostname="Ashok-PC" errors="0">
  <testcase name="dragAndDropTest" time="6.670" classname="com.maven.appium.DragAndDropTestNGDemo"/>
</testsuite> <!-- com.maven.appium.DragAndDropTestNGDemo -->
